2024-07-18 14:30:21,294 - INFO - File successfully saved into directory (".\Data\Alarms_18.07.2024.xlsx")
2024-07-18 14:30:21,377 - INFO - File "Alarms_18.07.2024.xlsx" (1.9446430206298828 MB) has been attached to the email.
2024-07-18 14:30:24,693 - INFO - Email sent successfully to pangleb1@gmail.com
2024-07-18 14:30:26,082 - INFO - Email sent successfully to g.pan@norsec.kz
2024-07-18 14:30:26,167 - INFO - All emails are successfully sent.
2024-07-18 14:32:46,646 - INFO - File successfully saved into directory (".\Data\Alarms_18.07.2024.xlsx")
2024-07-18 14:32:46,700 - INFO - File "Alarms_18.07.2024.xlsx" (1.94 MB) has been attached to the email.
2024-07-18 14:32:49,124 - INFO - Email sent successfully to pangleb1@gmail.com
2024-07-18 14:32:50,190 - INFO - Email sent successfully to g.pan@norsec.kz
2024-07-18 14:32:50,277 - INFO - All emails are successfully sent.
2024-07-18 14:44:07,423 - INFO - File successfully saved into directory (".\Data\Alarms_18.07.2024.xlsx")
2024-07-18 14:44:07,488 - INFO - File "Alarms_18.07.2024.xlsx" (1.94 MB) has been attached to the email.
2024-07-18 14:44:10,020 - INFO - Email sent successfully to pangleb1@gmail.com
2024-07-18 14:44:11,025 - INFO - Email sent successfully to g.pan@norsec.kz
2024-07-18 14:44:11,111 - INFO - All emails are successfully sent.
2024-07-18 16:32:32,689 - INFO - File successfully saved into directory (".\Data\Alarms_17.07.24.xlsx")
2024-07-18 16:32:32,767 - INFO - File "Alarms_17.07.24.xlsx" (1.94 MB) has been attached to the email.
2024-07-18 16:32:37,542 - INFO - Email sent successfully to pangleb1@gmail.com
2024-07-18 16:32:40,907 - INFO - Email sent successfully to g.pan@norsec.kz
2024-07-18 16:32:40,995 - INFO - Program finished.
2024-07-18 17:24:53,861 - INFO - File successfully saved into directory (".\Data\Alarms_17.07.24.xlsx")
2024-07-18 17:24:53,929 - INFO - File "Alarms_17.07.24.xlsx" (1.94 MB) has been attached to the email.
2024-07-18 17:24:57,127 - INFO - Email sent successfully to pangleb1@gmail.com
2024-07-18 17:24:58,168 - INFO - Email sent successfully to g.pan@norsec.kz
2024-07-18 17:24:58,252 - INFO - Program finished.
2024-07-18 17:41:44,485 - ERROR - main(): startswith first arg must be bytes or a tuple of bytes, not str
2024-07-22 09:37:23,312 - INFO - File successfully saved into directory (".\Data\Alarms_21.07.24.xlsx")
2024-07-22 09:37:23,395 - INFO - File "Alarms_21.07.24.xlsx" (1.94 MB) has been attached to the email.
2024-07-22 09:37:29,814 - ERROR - send_daily_email(): (535, b'5.7.139 Authentication unsuccessful, account locked. Contact your administrator. [FR0P281CA0042.DEUP281.PROD.OUTLOOK.COM 2024-07-22T04:37:29.770Z 08DCA6A5E555AA90]')
2024-07-22 09:37:29,814 - INFO - Program finished.
2024-07-22 09:39:56,510 - INFO - File successfully saved into directory (".\Data\Alarms_21.07.24.xlsx")
2024-07-22 09:39:56,579 - INFO - File "Alarms_21.07.24.xlsx" (1.94 MB) has been attached to the email.
2024-07-22 09:40:02,681 - ERROR - send_daily_email(): (535, b'5.7.139 Authentication unsuccessful, account locked. Contact your administrator. [FR0P281CA0066.DEUP281.PROD.OUTLOOK.COM 2024-07-22T04:40:02.634Z 08DCA6A362B3B9C1]')
2024-07-22 09:40:02,681 - INFO - Program finished.
2024-07-22 09:58:01,776 - INFO - File successfully saved into directory (".\Data\Alarms_21.07.24.xlsx")
2024-07-22 09:58:01,846 - INFO - File "Alarms_21.07.24.xlsx" (1.94 MB) has been attached to the email.
2024-07-22 09:58:07,134 - INFO - Email sent successfully to pangleb1@gmail.com
2024-07-22 09:58:10,340 - INFO - Email sent successfully to g.pan@norsec.kz
2024-07-22 09:58:10,425 - INFO - Program finished.
2024-07-25 17:27:02,790 - INFO - File successfully saved into directory (".\Data\Alarms_24.07.24.xlsx")
2024-07-25 17:27:02,857 - INFO - File "Alarms_24.07.24.xlsx" (1.94 MB) has been attached to the email.
2024-07-25 17:27:05,949 - INFO - Email sent successfully to pangleb1@gmail.com
2024-07-25 17:27:06,921 - INFO - Email sent successfully to g.pan@norsec.kz
2024-07-25 17:27:07,006 - INFO - Program finished.
2024-07-25 17:39:10,891 - INFO - File successfully saved into directory (".\Data\Alarms_24.07.24.xlsx")
2024-07-25 17:39:10,956 - INFO - File "Alarms_24.07.24.xlsx" (1.94 MB) has been attached to the email.
2024-07-25 17:39:13,464 - INFO - Email sent successfully to pangleb1@gmail.com
2024-07-25 17:39:14,505 - INFO - Email sent successfully to g.pan@norsec.kz
2024-07-25 17:39:14,592 - INFO - Program finished.
2024-07-29 17:24:30,461 - INFO - File successfully saved into directory (".\Data\Alarms_28.07.24.xlsx")
2024-07-29 17:24:30,549 - INFO - File "Alarms_28.07.24.xlsx" (1.94 MB) has been attached to the email.
2024-07-29 17:24:30,550 - INFO - Attempting to connect to the SMTP server...
2024-07-29 17:24:30,849 - INFO - SMTP server connection established.
2024-07-29 17:24:31,225 - INFO - Started TLS session.
2024-07-29 17:24:31,677 - INFO - Logged into SMTP server.
2024-07-29 17:24:35,857 - INFO - Email sent successfully to pangleb1@gmail.com
